[2026-03-20 09:15:26] [31merror[39m: [31m❌ MongoDB Connection Error: querySrv ECONNREFUSED _mongodb._tcp.cluster0.nfljew1.mongodb.net[39m
[2026-03-20 09:18:37] [31merror[39m: [31m❌ MongoDB Connection Error: querySrv ECONNREFUSED _mongodb._tcp.cluster0.nfljewl.mongodb.net[39m
[2026-03-20 09:30:24] [31merror[39m: [31m❌ MongoDB Connection Error: querySrv ECONNREFUSED _mongodb._tcp.cluster0.nfljewl.mongodb.net[39m
[2026-03-20 09:37:58] [31merror[39m: [31m❌ MongoDB Connection Error: querySrv ECONNREFUSED _mongodb._tcp.cluster0.nfljewl.mongodb.net[39m
[2026-03-20 09:39:03] [31merror[39m: [31m❌ MongoDB Connection Error: querySrv ECONNREFUSED _mongodb._tcp.cluster0.nfljew1.mongodb.net[39m
[2026-03-23 14:10:41] [31merror[39m: [31m❌ MongoDB Connection Error: querySrv ETIMEOUT _mongodb._tcp.cluster0.nfljew1.mongodb.net[39m
[2026-04-08 21:26:23] [31merror[39m: [31mUncaught Exception: listen EADDRINUSE: address already in use :::5000[39m
[2026-04-08 22:15:43] [31merror[39m: [31m[POST] /api/auth/login — TypeError: Cannot read properties of undefined (reading 'toString')[39m
[31m    at buildTokens (C:\PM-Lan\backend\src\controllers\authController.js:26:41)[39m
[31m    at exports.login (C:\PM-Lan\backend\src\controllers\authController.js:203:43)[39m
[2026-04-09 09:14:04] [31merror[39m: [31m[POST] /api/auth/login — TypeError: Cannot read properties of undefined (reading 'toString')[39m
[31m    at buildTokens (C:\PM-Lan\backend\src\controllers\authController.js:27:41)[39m
[31m    at exports.login (C:\PM-Lan\backend\src\controllers\authController.js:195:43)[39m
[2026-04-09 09:25:57] [31merror[39m: [31m[POST] /api/auth/login — TypeError: Cannot read properties of undefined (reading 'toString')[39m
[31m    at buildTokens (C:\PM-Lan\backend\src\controllers\authController.js:27:41)[39m
[31m    at exports.login (C:\PM-Lan\backend\src\controllers\authController.js:195:43)[39m
[2026-04-09 09:30:48] [31merror[39m: [31m[POST] /api/auth/login — TypeError: Cannot read properties of undefined (reading 'toString')[39m
[31m    at buildTokens (C:\PM-Lan\backend\src\controllers\authController.js:27:41)[39m
[31m    at exports.login (C:\PM-Lan\backend\src\controllers\authController.js:195:43)[39m
[2026-04-13 16:13:58] [31merror[39m: [31mUncaught Exception: listen EADDRINUSE: address already in use :::5000[39m
[2026-04-13 16:27:53] [31merror[39m: [31mUncaught Exception: listen EADDRINUSE: address already in use :::5000[39m
[2026-04-13 16:30:02] [31merror[39m: [31mUncaught Exception: listen EADDRINUSE: address already in use :::5000[39m
[2026-04-17 17:56:48] [31merror[39m: [31mUncaught Exception: listen EADDRINUSE: address already in use :::5000[39m
[2026-04-17 17:57:03] [31merror[39m: [31mUncaught Exception: listen EADDRINUSE: address already in use :::5000[39m
[2026-04-17 18:02:58] [31merror[39m: [31mUncaught Exception: listen EADDRINUSE: address already in use :::5000[39m
[2026-04-17 18:02:58] [31merror[39m: [31mUncaught Exception: listen EADDRINUSE: address already in use :::5000[39m
[2026-04-17 19:43:35] [31merror[39m: [31mUncaught Exception: listen EADDRINUSE: address already in use :::5000[39m
[2026-04-17 19:43:35] [31merror[39m: [31mUncaught Exception: listen EADDRINUSE: address already in use :::5000[39m
[2026-04-17 19:43:39] [31merror[39m: [31mUncaught Exception: listen EADDRINUSE: address already in use :::5000[39m
[2026-04-17 19:43:39] [31merror[39m: [31mUncaught Exception: listen EADDRINUSE: address already in use :::5000[39m
[2026-05-08 09:56:03] [31merror[39m: [31m❌ MongoDB Connection Error: querySrv ECONNREFUSED _mongodb._tcp.cluster0.nfljew1.mongodb.net[39m
