[2026-04-07 10:46:43] [31merror[39m: C:\PM-Lan\backend\src\controllers\attendanceController.js:15
};
^

SyntaxError: Unexpected token '}'
    at wrapSafe (node:internal/modules/cjs/loader:1464:18)
    at Module._compile (node:internal/modules/cjs/loader:1495:20)
    at Module._extensions..js (node:internal/modules/cjs/loader:1623:10)
    at Module.load (node:internal/modules/cjs/loader:1266:32)
    at Module._load (node:internal/modules/cjs/loader:1091:12)
    at Module.require (node:internal/modules/cjs/loader:1289:19)
    at require (node:internal/modules/helpers:182:18)
    at Object.<anonymous> (C:\PM-Lan\backend\src\routes\attendance.routes.js:14:20)
    at Module._compile (node:internal/modules/cjs/loader:1521:14)
    at Module._extensions..js (node:internal/modules/cjs/loader:1623:10)
[2026-04-07 15:24:40] [31merror[39m: Error: Route.get() requires a callback function but got a [object Undefined]
    at Route.<computed> [as get] (C:\PM-Lan\backend\node_modules\express\lib\router\route.js:216:15)
    at proto.<computed> [as get] (C:\PM-Lan\backend\node_modules\express\lib\router\index.js:521:19)
    at Object.<anonymous> (C:\PM-Lan\backend\src\routes\activityRoutes.js:10:8)
    at Module._compile (node:internal/modules/cjs/loader:1521:14)
    at Module._extensions..js (node:internal/modules/cjs/loader:1623:10)
    at Module.load (node:internal/modules/cjs/loader:1266:32)
    at Module._load (node:internal/modules/cjs/loader:1091:12)
    at Module.require (node:internal/modules/cjs/loader:1289:19)
    at require (node:internal/modules/helpers:182:18)
    at Object.<anonymous> (C:\PM-Lan\backend\src\server.js:28:24)
[2026-04-08 21:26:23] [31merror[39m: Error: listen EADDRINUSE: address already in use :::5000
    at Server.setupListenHandle [as _listen2] (node:net:1908:16)
    at listenInCluster (node:net:1965:12)
    at Server.listen (node:net:2067:7)
    at startServer (C:\PM-Lan\backend\src\server.js:137:12)
    at process.processTicksAndRejections (node:internal/process/task_queues:95:5)
[2026-04-09 10:35:53] [31merror[39m: Error: Route.post() requires a callback function but got a [object Undefined]
    at Route.<computed> [as post] (C:\PM-Lan\backend\node_modules\express\lib\router\route.js:216:15)
    at proto.<computed> [as post] (C:\PM-Lan\backend\node_modules\express\lib\router\index.js:521:19)
    at Object.<anonymous> (C:\PM-Lan\backend\src\routes\authRoutes.js:43:8)
    at Module._compile (node:internal/modules/cjs/loader:1521:14)
    at Module._extensions..js (node:internal/modules/cjs/loader:1623:10)
    at Module.load (node:internal/modules/cjs/loader:1266:32)
    at Module._load (node:internal/modules/cjs/loader:1091:12)
    at Module.require (node:internal/modules/cjs/loader:1289:19)
    at require (node:internal/modules/helpers:182:18)
    at Object.<anonymous> (C:\PM-Lan\backend\src\server.js:20:20)
[2026-04-13 15:28:57] [31merror[39m: C:\PM-Lan\backend\src\controllers\attendanceController.js:40
        const { organizationId, userId } = req.user;
                ^

SyntaxError: Identifier 'organizationId' has already been declared
    at wrapSafe (node:internal/modules/cjs/loader:1464:18)
    at Module._compile (node:internal/modules/cjs/loader:1495:20)
    at Module._extensions..js (node:internal/modules/cjs/loader:1623:10)
    at Module.load (node:internal/modules/cjs/loader:1266:32)
    at Module._load (node:internal/modules/cjs/loader:1091:12)
    at Module.require (node:internal/modules/cjs/loader:1289:19)
    at require (node:internal/modules/helpers:182:18)
    at Object.<anonymous> (C:\PM-Lan\backend\src\routes\attendance.routes.js:14:20)
    at Module._compile (node:internal/modules/cjs/loader:1521:14)
    at Module._extensions..js (node:internal/modules/cjs/loader:1623:10)
[2026-04-13 15:29:07] [31merror[39m: C:\PM-Lan\backend\src\controllers\attendanceController.js:40
        const { organizationId, userId } = req.user;
                ^

SyntaxError: Identifier 'organizationId' has already been declared
    at wrapSafe (node:internal/modules/cjs/loader:1464:18)
    at Module._compile (node:internal/modules/cjs/loader:1495:20)
    at Module._extensions..js (node:internal/modules/cjs/loader:1623:10)
    at Module.load (node:internal/modules/cjs/loader:1266:32)
    at Module._load (node:internal/modules/cjs/loader:1091:12)
    at Module.require (node:internal/modules/cjs/loader:1289:19)
    at require (node:internal/modules/helpers:182:18)
    at Object.<anonymous> (C:\PM-Lan\backend\src\routes\attendance.routes.js:14:20)
    at Module._compile (node:internal/modules/cjs/loader:1521:14)
    at Module._extensions..js (node:internal/modules/cjs/loader:1623:10)
[2026-04-13 15:29:23] [31merror[39m: C:\PM-Lan\backend\src\controllers\attendanceController.js:40
        const { organizationId, userId } = req.user;
                ^

SyntaxError: Identifier 'organizationId' has already been declared
    at wrapSafe (node:internal/modules/cjs/loader:1464:18)
    at Module._compile (node:internal/modules/cjs/loader:1495:20)
    at Module._extensions..js (node:internal/modules/cjs/loader:1623:10)
    at Module.load (node:internal/modules/cjs/loader:1266:32)
    at Module._load (node:internal/modules/cjs/loader:1091:12)
    at Module.require (node:internal/modules/cjs/loader:1289:19)
    at require (node:internal/modules/helpers:182:18)
    at Object.<anonymous> (C:\PM-Lan\backend\src\routes\attendance.routes.js:14:20)
    at Module._compile (node:internal/modules/cjs/loader:1521:14)
    at Module._extensions..js (node:internal/modules/cjs/loader:1623:10)
[2026-04-13 15:29:31] [31merror[39m: C:\PM-Lan\backend\src\controllers\attendanceController.js:40
        const { organizationId, userId } = req.user;
                ^

SyntaxError: Identifier 'organizationId' has already been declared
    at wrapSafe (node:internal/modules/cjs/loader:1464:18)
    at Module._compile (node:internal/modules/cjs/loader:1495:20)
    at Module._extensions..js (node:internal/modules/cjs/loader:1623:10)
    at Module.load (node:internal/modules/cjs/loader:1266:32)
    at Module._load (node:internal/modules/cjs/loader:1091:12)
    at Module.require (node:internal/modules/cjs/loader:1289:19)
    at require (node:internal/modules/helpers:182:18)
    at Object.<anonymous> (C:\PM-Lan\backend\src\routes\attendance.routes.js:14:20)
    at Module._compile (node:internal/modules/cjs/loader:1521:14)
    at Module._extensions..js (node:internal/modules/cjs/loader:1623:10)
[2026-04-13 15:46:58] [31merror[39m: C:\PM-Lan\backend\src\controllers\attendanceController.js:40
        const { organizationId, userId } = req.user;
                ^

SyntaxError: Identifier 'organizationId' has already been declared
    at wrapSafe (node:internal/modules/cjs/loader:1464:18)
    at Module._compile (node:internal/modules/cjs/loader:1495:20)
    at Module._extensions..js (node:internal/modules/cjs/loader:1623:10)
    at Module.load (node:internal/modules/cjs/loader:1266:32)
    at Module._load (node:internal/modules/cjs/loader:1091:12)
    at Module.require (node:internal/modules/cjs/loader:1289:19)
    at require (node:internal/modules/helpers:182:18)
    at Object.<anonymous> (C:\PM-Lan\backend\src\routes\attendance.routes.js:14:20)
    at Module._compile (node:internal/modules/cjs/loader:1521:14)
    at Module._extensions..js (node:internal/modules/cjs/loader:1623:10)
[2026-04-13 16:12:11] [31merror[39m: C:\PM-Lan\backend\src\controllers\attendanceController.js:40
        const { organizationId, userId } = req.user;
                ^

SyntaxError: Identifier 'organizationId' has already been declared
    at wrapSafe (node:internal/modules/cjs/loader:1464:18)
    at Module._compile (node:internal/modules/cjs/loader:1495:20)
    at Module._extensions..js (node:internal/modules/cjs/loader:1623:10)
    at Module.load (node:internal/modules/cjs/loader:1266:32)
    at Module._load (node:internal/modules/cjs/loader:1091:12)
    at Module.require (node:internal/modules/cjs/loader:1289:19)
    at require (node:internal/modules/helpers:182:18)
    at Object.<anonymous> (C:\PM-Lan\backend\src\routes\attendance.routes.js:14:20)
    at Module._compile (node:internal/modules/cjs/loader:1521:14)
    at Module._extensions..js (node:internal/modules/cjs/loader:1623:10)
[2026-04-13 16:12:28] [31merror[39m: C:\PM-Lan\backend\src\controllers\attendanceController.js:40
        const { organizationId, userId } = req.user;
                ^

SyntaxError: Identifier 'organizationId' has already been declared
    at wrapSafe (node:internal/modules/cjs/loader:1464:18)
    at Module._compile (node:internal/modules/cjs/loader:1495:20)
    at Module._extensions..js (node:internal/modules/cjs/loader:1623:10)
    at Module.load (node:internal/modules/cjs/loader:1266:32)
    at Module._load (node:internal/modules/cjs/loader:1091:12)
    at Module.require (node:internal/modules/cjs/loader:1289:19)
    at require (node:internal/modules/helpers:182:18)
    at Object.<anonymous> (C:\PM-Lan\backend\src\routes\attendance.routes.js:14:20)
    at Module._compile (node:internal/modules/cjs/loader:1521:14)
    at Module._extensions..js (node:internal/modules/cjs/loader:1623:10)
[2026-04-13 16:13:58] [31merror[39m: Error: listen EADDRINUSE: address already in use :::5000
    at Server.setupListenHandle [as _listen2] (node:net:1908:16)
    at listenInCluster (node:net:1965:12)
    at Server.listen (node:net:2067:7)
    at startServer (C:\PM-Lan\backend\src\server.js:137:12)
    at process.processTicksAndRejections (node:internal/process/task_queues:95:5)
[2026-04-13 16:27:53] [31merror[39m: Error: listen EADDRINUSE: address already in use :::5000
    at Server.setupListenHandle [as _listen2] (node:net:1908:16)
    at listenInCluster (node:net:1965:12)
    at Server.listen (node:net:2067:7)
    at startServer (C:\PM-Lan\backend\src\server.js:137:12)
    at process.processTicksAndRejections (node:internal/process/task_queues:95:5)
[2026-04-13 16:30:02] [31merror[39m: Error: listen EADDRINUSE: address already in use :::5000
    at Server.setupListenHandle [as _listen2] (node:net:1908:16)
    at listenInCluster (node:net:1965:12)
    at Server.listen (node:net:2067:7)
    at startServer (C:\PM-Lan\backend\src\server.js:137:12)
    at process.processTicksAndRejections (node:internal/process/task_queues:95:5)
[2026-04-16 15:52:32] [31merror[39m: C:\PM-Lan\backend\src\controllers\projectController.js:76
    });
    ^

SyntaxError: Missing catch or finally after try
    at wrapSafe (node:internal/modules/cjs/loader:1464:18)
    at Module._compile (node:internal/modules/cjs/loader:1495:20)
    at Module._extensions..js (node:internal/modules/cjs/loader:1623:10)
    at Module.load (node:internal/modules/cjs/loader:1266:32)
    at Module._load (node:internal/modules/cjs/loader:1091:12)
    at Module.require (node:internal/modules/cjs/loader:1289:19)
    at require (node:internal/modules/helpers:182:18)
    at Object.<anonymous> (C:\PM-Lan\backend\src\routes\projectRoutes.js:4:27)
    at Module._compile (node:internal/modules/cjs/loader:1521:14)
    at Module._extensions..js (node:internal/modules/cjs/loader:1623:10)
[2026-04-17 16:48:35] [31merror[39m: C:\PM-Lan\backend\src\controllers\dashboardController.js:343
const getUnifiedDashboard = async (req, res) => {
^^^^^

SyntaxError: Unexpected token 'const'
    at wrapSafe (node:internal/modules/cjs/loader:1464:18)
    at Module._compile (node:internal/modules/cjs/loader:1495:20)
    at Module._extensions..js (node:internal/modules/cjs/loader:1623:10)
    at Module.load (node:internal/modules/cjs/loader:1266:32)
    at Module._load (node:internal/modules/cjs/loader:1091:12)
    at Module.require (node:internal/modules/cjs/loader:1289:19)
    at require (node:internal/modules/helpers:182:18)
    at Object.<anonymous> (C:\PM-Lan\backend\src\routes\dashboardRoutes.js:4:14)
    at Module._compile (node:internal/modules/cjs/loader:1521:14)
    at Module._extensions..js (node:internal/modules/cjs/loader:1623:10)
[2026-04-17 16:48:48] [31merror[39m: C:\PM-Lan\backend\src\controllers\dashboardController.js:343
const getUnifiedDashboard = async (req, res) => {
^^^^^

SyntaxError: Unexpected token 'const'
    at wrapSafe (node:internal/modules/cjs/loader:1464:18)
    at Module._compile (node:internal/modules/cjs/loader:1495:20)
    at Module._extensions..js (node:internal/modules/cjs/loader:1623:10)
    at Module.load (node:internal/modules/cjs/loader:1266:32)
    at Module._load (node:internal/modules/cjs/loader:1091:12)
    at Module.require (node:internal/modules/cjs/loader:1289:19)
    at require (node:internal/modules/helpers:182:18)
    at Object.<anonymous> (C:\PM-Lan\backend\src\routes\dashboardRoutes.js:4:14)
    at Module._compile (node:internal/modules/cjs/loader:1521:14)
    at Module._extensions..js (node:internal/modules/cjs/loader:1623:10)
[2026-04-17 16:48:56] [31merror[39m: C:\PM-Lan\backend\src\controllers\dashboardController.js:343
const getUnifiedDashboard = async (req, res) => {
^^^^^

SyntaxError: Unexpected token 'const'
    at wrapSafe (node:internal/modules/cjs/loader:1464:18)
    at Module._compile (node:internal/modules/cjs/loader:1495:20)
    at Module._extensions..js (node:internal/modules/cjs/loader:1623:10)
    at Module.load (node:internal/modules/cjs/loader:1266:32)
    at Module._load (node:internal/modules/cjs/loader:1091:12)
    at Module.require (node:internal/modules/cjs/loader:1289:19)
    at require (node:internal/modules/helpers:182:18)
    at Object.<anonymous> (C:\PM-Lan\backend\src\routes\dashboardRoutes.js:4:14)
    at Module._compile (node:internal/modules/cjs/loader:1521:14)
    at Module._extensions..js (node:internal/modules/cjs/loader:1623:10)
[2026-04-17 16:49:04] [31merror[39m: C:\PM-Lan\backend\src\controllers\dashboardController.js:343
const getUnifiedDashboard = async (req, res) => {
^^^^^

SyntaxError: Unexpected token 'const'
    at wrapSafe (node:internal/modules/cjs/loader:1464:18)
    at Module._compile (node:internal/modules/cjs/loader:1495:20)
    at Module._extensions..js (node:internal/modules/cjs/loader:1623:10)
    at Module.load (node:internal/modules/cjs/loader:1266:32)
    at Module._load (node:internal/modules/cjs/loader:1091:12)
    at Module.require (node:internal/modules/cjs/loader:1289:19)
    at require (node:internal/modules/helpers:182:18)
    at Object.<anonymous> (C:\PM-Lan\backend\src\routes\dashboardRoutes.js:4:14)
    at Module._compile (node:internal/modules/cjs/loader:1521:14)
    at Module._extensions..js (node:internal/modules/cjs/loader:1623:10)
[2026-04-17 17:43:40] [31merror[39m: Error: Route.get() requires a callback function but got a [object Undefined]
    at Route.<computed> [as get] (C:\PM-Lan\backend\node_modules\express\lib\router\route.js:216:15)
    at proto.<computed> [as get] (C:\PM-Lan\backend\node_modules\express\lib\router\index.js:521:19)
    at Object.<anonymous> (C:\PM-Lan\backend\src\routes\dashboardRoutes.js:16:8)
    at Module._compile (node:internal/modules/cjs/loader:1521:14)
    at Module._extensions..js (node:internal/modules/cjs/loader:1623:10)
    at Module.load (node:internal/modules/cjs/loader:1266:32)
    at Module._load (node:internal/modules/cjs/loader:1091:12)
    at Module.require (node:internal/modules/cjs/loader:1289:19)
    at require (node:internal/modules/helpers:182:18)
    at Object.<anonymous> (C:\PM-Lan\backend\src\server.js:26:25)
[2026-04-17 17:44:00] [31merror[39m: Error: Route.get() requires a callback function but got a [object Undefined]
    at Route.<computed> [as get] (C:\PM-Lan\backend\node_modules\express\lib\router\route.js:216:15)
    at proto.<computed> [as get] (C:\PM-Lan\backend\node_modules\express\lib\router\index.js:521:19)
    at Object.<anonymous> (C:\PM-Lan\backend\src\routes\dashboardRoutes.js:16:8)
    at Module._compile (node:internal/modules/cjs/loader:1521:14)
    at Module._extensions..js (node:internal/modules/cjs/loader:1623:10)
    at Module.load (node:internal/modules/cjs/loader:1266:32)
    at Module._load (node:internal/modules/cjs/loader:1091:12)
    at Module.require (node:internal/modules/cjs/loader:1289:19)
    at require (node:internal/modules/helpers:182:18)
    at Object.<anonymous> (C:\PM-Lan\backend\src\server.js:26:25)
[2026-04-17 17:55:38] [31merror[39m: Error: Route.get() requires a callback function but got a [object Undefined]
    at Route.<computed> [as get] (C:\PM-Lan\backend\node_modules\express\lib\router\route.js:216:15)
    at proto.<computed> [as get] (C:\PM-Lan\backend\node_modules\express\lib\router\index.js:521:19)
    at Object.<anonymous> (C:\PM-Lan\backend\src\routes\dashboardRoutes.js:16:8)
    at Module._compile (node:internal/modules/cjs/loader:1521:14)
    at Module._extensions..js (node:internal/modules/cjs/loader:1623:10)
    at Module.load (node:internal/modules/cjs/loader:1266:32)
    at Module._load (node:internal/modules/cjs/loader:1091:12)
    at Module.require (node:internal/modules/cjs/loader:1289:19)
    at require (node:internal/modules/helpers:182:18)
    at Object.<anonymous> (C:\PM-Lan\backend\src\server.js:26:25)
[2026-04-17 17:56:02] [31merror[39m: Error: Route.get() requires a callback function but got a [object Undefined]
    at Route.<computed> [as get] (C:\PM-Lan\backend\node_modules\express\lib\router\route.js:216:15)
    at proto.<computed> [as get] (C:\PM-Lan\backend\node_modules\express\lib\router\index.js:521:19)
    at Object.<anonymous> (C:\PM-Lan\backend\src\routes\dashboardRoutes.js:16:8)
    at Module._compile (node:internal/modules/cjs/loader:1521:14)
    at Module._extensions..js (node:internal/modules/cjs/loader:1623:10)
    at Module.load (node:internal/modules/cjs/loader:1266:32)
    at Module._load (node:internal/modules/cjs/loader:1091:12)
    at Module.require (node:internal/modules/cjs/loader:1289:19)
    at require (node:internal/modules/helpers:182:18)
    at Object.<anonymous> (C:\PM-Lan\backend\src\server.js:26:25)
[2026-04-17 17:56:48] [31merror[39m: Error: listen EADDRINUSE: address already in use :::5000
    at Server.setupListenHandle [as _listen2] (node:net:1908:16)
    at listenInCluster (node:net:1965:12)
    at Server.listen (node:net:2067:7)
    at startServer (C:\PM-Lan\backend\src\server.js:140:12)
    at process.processTicksAndRejections (node:internal/process/task_queues:95:5)
[2026-04-17 17:57:03] [31merror[39m: Error: listen EADDRINUSE: address already in use :::5000
    at Server.setupListenHandle [as _listen2] (node:net:1908:16)
    at listenInCluster (node:net:1965:12)
    at Server.listen (node:net:2067:7)
    at startServer (C:\PM-Lan\backend\src\server.js:140:12)
    at process.processTicksAndRejections (node:internal/process/task_queues:95:5)
[2026-04-17 18:02:58] [31merror[39m: Error: listen EADDRINUSE: address already in use :::5000
    at Server.setupListenHandle [as _listen2] (node:net:1908:16)
    at listenInCluster (node:net:1965:12)
    at Server.listen (node:net:2067:7)
    at startServer (C:\PM-Lan\backend\src\server.js:140:12)
    at process.processTicksAndRejections (node:internal/process/task_queues:95:5)
[2026-04-17 18:02:58] [31merror[39m: Error: listen EADDRINUSE: address already in use :::5000
    at Server.setupListenHandle [as _listen2] (node:net:1908:16)
    at listenInCluster (node:net:1965:12)
    at Server.listen (node:net:2067:7)
    at startServer (C:\PM-Lan\backend\src\server.js:140:12)
    at process.processTicksAndRejections (node:internal/process/task_queues:95:5)
[2026-04-17 19:43:35] [31merror[39m: Error: listen EADDRINUSE: address already in use :::5000
    at Server.setupListenHandle [as _listen2] (node:net:1908:16)
    at listenInCluster (node:net:1965:12)
    at Server.listen (node:net:2067:7)
    at startServer (C:\PM-Lan\backend\src\server.js:140:12)
    at process.processTicksAndRejections (node:internal/process/task_queues:95:5)
[2026-04-17 19:43:35] [31merror[39m: Error: listen EADDRINUSE: address already in use :::5000
    at Server.setupListenHandle [as _listen2] (node:net:1908:16)
    at listenInCluster (node:net:1965:12)
    at Server.listen (node:net:2067:7)
    at startServer (C:\PM-Lan\backend\src\server.js:140:12)
    at process.processTicksAndRejections (node:internal/process/task_queues:95:5)
[2026-04-17 19:43:39] [31merror[39m: Error: listen EADDRINUSE: address already in use :::5000
    at Server.setupListenHandle [as _listen2] (node:net:1908:16)
    at listenInCluster (node:net:1965:12)
    at Server.listen (node:net:2067:7)
    at startServer (C:\PM-Lan\backend\src\server.js:140:12)
    at process.processTicksAndRejections (node:internal/process/task_queues:95:5)
[2026-04-17 19:43:39] [31merror[39m: Error: listen EADDRINUSE: address already in use :::5000
    at Server.setupListenHandle [as _listen2] (node:net:1908:16)
    at listenInCluster (node:net:1965:12)
    at Server.listen (node:net:2067:7)
    at startServer (C:\PM-Lan\backend\src\server.js:140:12)
    at process.processTicksAndRejections (node:internal/process/task_queues:95:5)
[2026-04-24 10:25:59] [31merror[39m: C:\PM-Lan\backend\src\controllers\dashboardController.js:122
  } catch (err) {
  ^

SyntaxError: Unexpected token '}'
    at wrapSafe (node:internal/modules/cjs/loader:1464:18)
    at Module._compile (node:internal/modules/cjs/loader:1495:20)
    at Module._extensions..js (node:internal/modules/cjs/loader:1623:10)
    at Module.load (node:internal/modules/cjs/loader:1266:32)
    at Module._load (node:internal/modules/cjs/loader:1091:12)
    at Module.require (node:internal/modules/cjs/loader:1289:19)
    at require (node:internal/modules/helpers:182:18)
    at Object.<anonymous> (C:\PM-Lan\backend\src\routes\dashboardRoutes.js:4:14)
    at Module._compile (node:internal/modules/cjs/loader:1521:14)
    at Module._extensions..js (node:internal/modules/cjs/loader:1623:10)
[2026-04-24 10:26:18] [31merror[39m: C:\PM-Lan\backend\src\controllers\dashboardController.js:122
  } catch (err) {
  ^

SyntaxError: Unexpected token '}'
    at wrapSafe (node:internal/modules/cjs/loader:1464:18)
    at Module._compile (node:internal/modules/cjs/loader:1495:20)
    at Module._extensions..js (node:internal/modules/cjs/loader:1623:10)
    at Module.load (node:internal/modules/cjs/loader:1266:32)
    at Module._load (node:internal/modules/cjs/loader:1091:12)
    at Module.require (node:internal/modules/cjs/loader:1289:19)
    at require (node:internal/modules/helpers:182:18)
    at Object.<anonymous> (C:\PM-Lan\backend\src\routes\dashboardRoutes.js:4:14)
    at Module._compile (node:internal/modules/cjs/loader:1521:14)
    at Module._extensions..js (node:internal/modules/cjs/loader:1623:10)
[2026-05-05 14:06:08] [31merror[39m: C:\PM-Lan\backend\src\controllers\projectController.js:56
    } = req.body;
    ^

SyntaxError: Missing catch or finally after try
    at wrapSafe (node:internal/modules/cjs/loader:1464:18)
    at Module._compile (node:internal/modules/cjs/loader:1495:20)
    at Module._extensions..js (node:internal/modules/cjs/loader:1623:10)
    at Module.load (node:internal/modules/cjs/loader:1266:32)
    at Module._load (node:internal/modules/cjs/loader:1091:12)
    at Module.require (node:internal/modules/cjs/loader:1289:19)
    at require (node:internal/modules/helpers:182:18)
    at Object.<anonymous> (C:\PM-Lan\backend\src\routes\projectRoutes.js:4:27)
    at Module._compile (node:internal/modules/cjs/loader:1521:14)
    at Module._extensions..js (node:internal/modules/cjs/loader:1623:10)
[2026-05-12 10:45:26] [31merror[39m: C:\PM-Lan\backend\src\controllers\attendanceController.js:95
    } catch (err) {
      ^^^^^

SyntaxError: Unexpected token 'catch'
    at wrapSafe (node:internal/modules/cjs/loader:1464:18)
    at Module._compile (node:internal/modules/cjs/loader:1495:20)
    at Module._extensions..js (node:internal/modules/cjs/loader:1623:10)
    at Module.load (node:internal/modules/cjs/loader:1266:32)
    at Module._load (node:internal/modules/cjs/loader:1091:12)
    at Module.require (node:internal/modules/cjs/loader:1289:19)
    at require (node:internal/modules/helpers:182:18)
    at Object.<anonymous> (C:\PM-Lan\backend\src\routes\attendance.routes.js:14:20)
    at Module._compile (node:internal/modules/cjs/loader:1521:14)
    at Module._extensions..js (node:internal/modules/cjs/loader:1623:10)
